<?xml version="1.0" encoding="UTF-8"?>
<!-- Generated by org.testng.reporters.JUnitReportReporter -->
<testsuite hostname="LIN51017105" failures="0" tests="1" name="tests.MainTest" time="0.000" errors="0" timestamp="2022-08-01T10:53:32 IST" skipped="1">
  <testcase classname="tests.MainTest" name="validateRequest" time="0.000">
    <skipped/>
  </testcase> <!-- validateRequest -->
  <system-out/>
</testsuite> <!-- tests.MainTest -->
